<?xml version="1.0" encoding="UTF-8"?>
<!-- Generated by org.testng.reporters.JUnitXMLReporter -->
<testsuite hostname="hp" ignored="0" name="Default test" tests="3" failures="0" timestamp="10 Jul 2019 09:16:36 GMT" time="8.507" errors="0">
  <testcase name="addBook" time="7.429" classname="automation.addGetDelete"/>
  <testcase name="SearchBook" time="0.532" classname="automation.addGetDelete"/>
  <testcase name="DeleteBook" time="0.438" classname="automation.addGetDelete"/>
</testsuite> <!-- Default test -->
