<?xml version="1.0" encoding="UTF-8"?>
<testng-results skipped="0" failed="0" ignored="0" total="3" passed="3">
  <reporter-output>
  </reporter-output>
  <suite name="Default suite" duration-ms="8507" started-at="2019-07-10T09:16:28Z" finished-at="2019-07-10T09:16:36Z">
    <groups>
    </groups>
    <test name="Default test" duration-ms="8507" started-at="2019-07-10T09:16:28Z" finished-at="2019-07-10T09:16:36Z">
      <class name="automation.addGetDelete">
        <test-method status="PASS" signature="addBook()[pri:1, instance:automation.addGetDelete@5442a311]" name="addBook" duration-ms="7429" started-at="2019-07-10T09:16:28Z" finished-at="2019-07-10T09:16:35Z">
          <reporter-output>
          </reporter-output>
        </test-method> <!-- addBook -->
        <test-method status="PASS" signature="SearchBook()[pri:2, instance:automation.addGetDelete@5442a311]" name="SearchBook" duration-ms="532" started-at="2019-07-10T09:16:35Z" finished-at="2019-07-10T09:16:36Z">
          <reporter-output>
          </reporter-output>
        </test-method> <!-- SearchBook -->
        <test-method status="PASS" signature="DeleteBook()[pri:3, instance:automation.addGetDelete@5442a311]" name="DeleteBook" duration-ms="438" started-at="2019-07-10T09:16:36Z" finished-at="2019-07-10T09:16:36Z">
          <reporter-output>
          </reporter-output>
        </test-method> <!-- DeleteBook -->
      </class> <!-- automation.addGetDelete -->
    </test> <!-- Default test -->
  </suite> <!-- Default suite -->
</testng-results>
